<?xml version="1.0" encoding="UTF-8"?>
<!-- Generated by org.testng.reporters.JUnitXMLReporter -->
<testsuite hostname="IN-HBharish-1" name="Login Test" tests="3" failures="2" timestamp="24 Apr 2017 09:04:00 GMT" time="0.414" errors="0">
  <testcase name="doLogin" time="0.059" classname="com.unisys.pom.testcases.LoginTest">
    <failure type="java.lang.NoSuchMethodError" message="org.openqa.selenium.remote.DesiredCapabilities.setCapability(Ljava/lang/String;Ljava/lang/Object;)V">
      <![CDATA[java.lang.NoSuchMethodError: org.openqa.selenium.remote.DesiredCapabilities.setCapability(Ljava/lang/String;Ljava/lang/Object;)V
	at org.openqa.selenium.chrome.ChromeOptions.toCapabilities(ChromeOptions.java:236)
	at org.openqa.selenium.chrome.ChromeDriver.<init>(ChromeDriver.java:167)
	at org.openqa.selenium.chrome.ChromeDriver.<init>(ChromeDriver.java:124)
	at com.unisys.pom.testcases.base.BaseTest.init(BaseTest.java:42)
	at com.unisys.pom.testcases.LoginTest.doLogin(LoginTest.java:32)
	at java.util.concurrent.FutureTask.run(Unknown Source)
	at java.util.concurrent.ThreadPoolExecutor.runWorker(Unknown Source)
	at java.util.concurrent.ThreadPoolExecutor$Worker.run(Unknown Source)
	at java.lang.Thread.run(Unknown Source)
... Removed 16 stack frames]]>
    </failure>
  </testcase> <!-- doLogin -->
  <testcase name="doLogin" time="0.005" classname="com.unisys.pom.testcases.LoginTest">
    <failure type="java.lang.NoSuchMethodError" message="org.openqa.selenium.remote.DesiredCapabilities.setCapability(Ljava/lang/String;Ljava/lang/Object;)V">
      <![CDATA[java.lang.NoSuchMethodError: org.openqa.selenium.remote.DesiredCapabilities.setCapability(Ljava/lang/String;Ljava/lang/Object;)V
	at org.openqa.selenium.chrome.ChromeOptions.toCapabilities(ChromeOptions.java:236)
	at org.openqa.selenium.chrome.ChromeDriver.<init>(ChromeDriver.java:167)
	at org.openqa.selenium.chrome.ChromeDriver.<init>(ChromeDriver.java:124)
	at com.unisys.pom.testcases.base.BaseTest.init(BaseTest.java:42)
	at com.unisys.pom.testcases.LoginTest.doLogin(LoginTest.java:32)
	at java.util.concurrent.FutureTask.run(Unknown Source)
	at java.util.concurrent.ThreadPoolExecutor.runWorker(Unknown Source)
	at java.util.concurrent.ThreadPoolExecutor$Worker.run(Unknown Source)
	at java.lang.Thread.run(Unknown Source)
... Removed 16 stack frames]]>
    </failure>
  </testcase> <!-- doLogin -->
  <testcase name="doLogin" time="0.001" classname="com.unisys.pom.testcases.LoginTest">
    <skipped/>
  </testcase> <!-- doLogin -->
</testsuite> <!-- Login Test -->
